<?xml version="1.0" encoding="UTF-8"?>
<testng-results ignored="0" total="1" passed="1" failed="0" skipped="0">
  <reporter-output>
    <line>
      <![CDATA[Product has been added to cart]]>
    </line>
  </reporter-output>
  <suite started-at="2025-12-02T08:50:55 IST" name="Suite" finished-at="2025-12-02T08:50:55 IST" duration-ms="78">
    <groups>
    </groups>
    <test started-at="2025-12-02T08:50:55 IST" name="Test" finished-at="2025-12-02T08:50:55 IST" duration-ms="78">
      <class name="com.demowebshop.cart.testscripts.CartModule">
        <test-method signature="addTocart()[pri:0, instance:com.demowebshop.cart.testscripts.CartModule@60099951]" started-at="2025-12-02T08:50:55 IST" name="addTocart" finished-at="2025-12-02T08:50:55 IST" duration-ms="12" status="PASS">
          <reporter-output>
            <line>
              <![CDATA[Product has been added to cart]]>
            </line>
          </reporter-output>
        </test-method> <!-- addTocart -->
      </class> <!-- com.demowebshop.cart.testscripts.CartModule -->
    </test> <!-- Test -->
  </suite> <!-- Suite -->
</testng-results>
