<?xml version="1.0" encoding="UTF-8"?>
<!-- Generated by org.testng.reporters.JUnitReportReporter -->
<testsuite hostname="DESKTOP-7HJ645U" failures="0" tests="1" name="com.demowebshop.cart.testscripts.CartModule" time="0.012" errors="0" timestamp="2025-12-02T08:50:55 IST" skipped="0">
  <testcase classname="com.demowebshop.cart.testscripts.CartModule" name="addTocart" time="0.012">
    <system-out>
      <![CDATA[Product has been added to cart]]>
    </system-out>
  </testcase> <!-- addTocart -->
  <system-out>
    <![CDATA[Product has been added to cart]]>
  </system-out>
</testsuite> <!-- com.demowebshop.cart.testscripts.CartModule -->
